#
# A fatal error has been detected by the Java Runtime Environment:
#
#  EXCEPTION_ACCESS_VIOLATION (0xc0000005) at pc=0x6dae107f, pid=4268, tid=4056
#
# JRE version: 7.0-b147
# Java VM: Java HotSpot(TM) Client VM (21.0-b17 mixed mode, sharing windows-x86 )
# Problematic frame:
# V  [jvm.dll+0x6107f]
#
# Failed to write core dump. Minidumps are not enabled by default on client versions of Windows
#
# If you would like to submit a bug report, please visit:
#   http://bugreport.sun.com/bugreport/crash.jsp
#

---------------  T H R E A D  ---------------

Current thread (0x02be2800):  VMThread [stack: 0x02c50000,0x02ca0000] [id=4056]

siginfo: ExceptionCode=0xc0000005, reading address 0x3f4188cc

Registers:
EAX=0x22e56ba0, EBX=0x374fdd00, ECX=0x3f4188c0, EDX=0x2832d764
ESP=0x02c9f930, EBP=0x02c9f940, ESI=0x003cc880, EDI=0x22e56ba0
EIP=0x6dae107f, EFLAGS=0x00010293

Top of Stack: (sp=0x02c9f930)
0x02c9f930:   02c9fa4c 2832d754 374fdd00 003cc880
0x02c9f940:   02c9f960 6db03033 22e56ba0 28331080
0x02c9f950:   2832d730 02c9fa4c 374fdd08 374fdb28
0x02c9f960:   02c9f980 6daef243 2832d730 2832d764
0x02c9f970:   003cdee0 02c9fa4c 003cbfcc 003cdff8
0x02c9f980:   02c9f994 6dae8961 02c9fa4c 003cbf70
0x02c9f990:   00000001 02c9f9ac 6dae61b7 02c9fa4c
0x02c9f9a0:   00000000 003cbf70 02c9fa34 02c9faa4 

Instructions: (pc=0x6dae107f)
0x6dae105f:   5f 5e 5b 5d c2 04 00 cc cc cc cc cc cc cc cc cc
0x6dae106f:   cc 55 8b ec 51 53 56 57 8b 7d 08 8b f1 8b 4f 04
0x6dae107f:   8b 41 0c 83 c1 08 89 75 fc 85 c0 7e 09 a8 01 75
0x6dae108f:   30 c1 f8 02 eb 33 79 29 8b 5f 08 8b 15 64 2a d5 


Register to memory mapping:

EAX=
[error occurred during error reporting (printing register info), id 0xc0000005]

Stack: [0x02c50000,0x02ca0000],  sp=0x02c9f930,  free space=318k
Native frames: (J=compiled Java code, j=interpreted, Vv=VM code, C=native code)
V  [jvm.dll+0x6107f]
V  [jvm.dll+0x83033]
V  [jvm.dll+0x6f243]
V  [jvm.dll+0x68961]
V  [jvm.dll+0x661b7]
V  [jvm.dll+0x60a17]
V  [jvm.dll+0x671d6]
V  [jvm.dll+0x5ea03]
V  [jvm.dll+0x16b106]
V  [jvm.dll+0x148f35]
V  [jvm.dll+0x14816e]
V  [jvm.dll+0x14849c]
V  [jvm.dll+0x148912]
V  [jvm.dll+0x171549]
C  [msvcr100.dll+0x5c6de]  endthreadex+0x3a
C  [msvcr100.dll+0x5c788]  endthreadex+0xe4
C  [kernel32.dll+0xb729]  GetModuleFileNameA+0x1ba

VM_Operation (0x0094ec54): GenCollectForAllocation, mode: safepoint, requested by thread 0x003c8000


---------------  P R O C E S S  ---------------

Java Threads: ( => current thread )
  0x02f5b000 JavaThread "ReaderThread" [_thread_in_native, id=4136, stack(0x03120000,0x03170000)]
  0x02bf9400 JavaThread "Service Thread" daemon [_thread_blocked, id=4144, stack(0x02e30000,0x02e80000)]
  0x02bf6c00 JavaThread "C1 CompilerThread0" daemon [_thread_blocked, id=5672, stack(0x02de0000,0x02e30000)]
  0x02bf1c00 JavaThread "Attach Listener" daemon [_thread_blocked, id=2488, stack(0x02d90000,0x02de0000)]
  0x02bf0400 JavaThread "Signal Dispatcher" daemon [_thread_blocked, id=5508, stack(0x02d40000,0x02d90000)]
  0x02be9000 JavaThread "Finalizer" daemon [_thread_blocked, id=1808, stack(0x02cf0000,0x02d40000)]
  0x02be4400 JavaThread "Reference Handler" daemon [_thread_blocked, id=4540, stack(0x02ca0000,0x02cf0000)]
  0x003c8000 JavaThread "main" [_thread_blocked, id=3924, stack(0x00900000,0x00950000)]

Other Threads:
=>0x02be2800 VMThread [stack: 0x02c50000,0x02ca0000] [id=4056]
  0x02c03c00 WatcherThread [stack: 0x02e80000,0x02ed0000] [id=5844]

VM state:at safepoint (normal execution)

VM Mutex/Monitor currently owned by a thread:  ([mutex/lock_event])
[0x003c6fa0] Threads_lock - owner thread: 0x02be2800
[0x003c73b0] Heap_lock - owner thread: 0x003c8000

Heap
 def new generation   total 4928K, used 4928K [0x229f0000, 0x22f40000, 0x27f40000)
  eden space 4416K, 100% used [0x229f0000, 0x22e40000, 0x22e40000)
  from space 512K, 100% used [0x22e40000, 0x22ec0000, 0x22ec0000)
  to   space 512K,   9% used [0x22ec0000, 0x22ecc080, 0x22f40000)
 tenured generation   total 10944K, used 4051K [0x27f40000, 0x289f0000, 0x329f0000)
   the space 10944K,  37% used [0x27f40000, 0x28334eb0, 0x28335000, 0x289f0000)
 compacting perm gen  total 12288K, used 4200K [0x329f0000, 0x335f0000, 0x369f0000)
   the space 12288K,  34% used [0x329f0000, 0x32e0a160, 0x32e0a200, 0x335f0000)
    ro space 10240K,  45% used [0x369f0000, 0x36e71888, 0x36e71a00, 0x373f0000)
    rw space 12288K,  54% used [0x373f0000, 0x37a704f8, 0x37a70600, 0x37ff0000)

Code Cache  [0x00970000, 0x00aa8000, 0x02970000)
 total_blobs=662 nmethods=499 adapters=96 free_code_cache=31548Kb largest_free_block=32305472

Dynamic libraries:
0x00400000 - 0x0042f000 	D:\Program Files\Java\jdk1.7.0\bin\javaw.exe
0x7c900000 - 0x7c9b3000 	D:\WINDOWS.0\system32\ntdll.dll
0x7c800000 - 0x7c8f8000 	D:\WINDOWS.0\system32\kernel32.dll
0x77dc0000 - 0x77e6c000 	D:\WINDOWS.0\system32\ADVAPI32.dll
0x77e70000 - 0x77f02000 	D:\WINDOWS.0\system32\RPCRT4.dll
0x77fe0000 - 0x77ff1000 	D:\WINDOWS.0\system32\Secur32.dll
0x7e360000 - 0x7e3f1000 	D:\WINDOWS.0\system32\USER32.dll
0x77f10000 - 0x77f59000 	D:\WINDOWS.0\system32\GDI32.dll
0x773c0000 - 0x774c3000 	D:\WINDOWS.0\WinSxS\x86_Microsoft.Windows.Common-Controls_6595b64144ccf1df_6.0.2600.5512_x-ww_35d4ce83\COMCTL32.dll
0x77c00000 - 0x77c58000 	D:\WINDOWS.0\system32\msvcrt.dll
0x77f60000 - 0x77fdc000 	D:\WINDOWS.0\system32\SHLWAPI.dll
0x76360000 - 0x7637d000 	D:\WINDOWS.0\system32\IMM32.DLL
0x78aa0000 - 0x78b5e000 	D:\Program Files\Java\jdk1.7.0\jre\bin\msvcr100.dll
0x6da80000 - 0x6dda1000 	D:\Program Files\Java\jdk1.7.0\jre\bin\client\jvm.dll
0x71ab0000 - 0x71aba000 	D:\WINDOWS.0\system32\WSOCK32.dll
0x71a90000 - 0x71aa7000 	D:\WINDOWS.0\system32\WS2_32.dll
0x71a80000 - 0x71a88000 	D:\WINDOWS.0\system32\WS2HELP.dll
0x76b20000 - 0x76b4e000 	D:\WINDOWS.0\system32\WINMM.dll
0x76be0000 - 0x76beb000 	D:\WINDOWS.0\system32\PSAPI.DLL
0x6da10000 - 0x6da1c000 	D:\Program Files\Java\jdk1.7.0\jre\bin\verify.dll
0x6d480000 - 0x6d4a0000 	D:\Program Files\Java\jdk1.7.0\jre\bin\java.dll
0x6da60000 - 0x6da73000 	D:\Program Files\Java\jdk1.7.0\jre\bin\zip.dll
0x6d770000 - 0x6d784000 	D:\Program Files\Java\jdk1.7.0\jre\bin\net.dll
0x71a30000 - 0x71a70000 	D:\WINDOWS.0\system32\mswsock.dll
0x698b0000 - 0x69908000 	D:\WINDOWS.0\system32\hnetcfg.dll
0x58f10000 - 0x58f17000 	D:\WINDOWS.0\System32\wship6.dll
0x76f10000 - 0x76f37000 	D:\WINDOWS.0\system32\DNSAPI.dll
0x76d50000 - 0x76d69000 	D:\WINDOWS.0\system32\iphlpapi.dll
0x76d30000 - 0x76d48000 	D:\WINDOWS.0\system32\MPRAPI.dll
0x77cb0000 - 0x77ce2000 	D:\WINDOWS.0\system32\ACTIVEDS.dll
0x76e00000 - 0x76e25000 	D:\WINDOWS.0\system32\adsldpc.dll
0x5bd50000 - 0x5bda6000 	D:\WINDOWS.0\system32\NETAPI32.dll
0x76f50000 - 0x76f7d000 	D:\WINDOWS.0\system32\WLDAP32.dll
0x76b00000 - 0x76b11000 	D:\WINDOWS.0\system32\ATL.DLL
0x774d0000 - 0x7760d000 	D:\WINDOWS.0\system32\ole32.dll
0x77110000 - 0x7719b000 	D:\WINDOWS.0\system32\OLEAUT32.dll
0x76e70000 - 0x76e7e000 	D:\WINDOWS.0\system32\rtutils.dll
0x71bd0000 - 0x71be3000 	D:\WINDOWS.0\system32\SAMLIB.dll
0x77910000 - 0x77a04000 	D:\WINDOWS.0\system32\SETUPAPI.dll
0x76fb0000 - 0x76fb6000 	D:\WINDOWS.0\system32\rasadhlp.dll
0x71a70000 - 0x71a78000 	D:\WINDOWS.0\System32\wshtcpip.dll
0x68000000 - 0x68036000 	D:\WINDOWS.0\system32\rsaenh.dll
0x769a0000 - 0x76a55000 	D:\WINDOWS.0\system32\USERENV.dll
0x76fa0000 - 0x76fa8000 	D:\WINDOWS.0\System32\winrnr.dll
0x6d790000 - 0x6d79f000 	D:\Program Files\Java\jdk1.7.0\jre\bin\nio.dll
0x6d980000 - 0x6d9a0000 	D:\Program Files\Java\jdk1.7.0\jre\bin\sunec.dll
0x6d9a0000 - 0x6d9a9000 	D:\Program Files\Java\jdk1.7.0\jre\bin\sunmscapi.dll
0x77a70000 - 0x77b06000 	D:\WINDOWS.0\system32\CRYPT32.dll
0x77b10000 - 0x77b22000 	D:\WINDOWS.0\system32\MSASN1.dll

VM Arguments:
jvm_args: -ea -Dfile.encoding=Cp1251 
java_command: org.testng.remote.RemoteTestNG -serport 3127 -d D:\Documents and Settings\Admin\git\MavenTest\Mobile_Api\test-output D:\Documents and Settings\Admin\git\MavenTest\Mobile_Api\testng.xml
Launcher Type: SUN_STANDARD

Environment Variables:
JAVA_HOME=D:\Program Files\Java\jdk1.7.0\
PATH=D:/Program Files/Java/jre7/bin/client;D:/Program Files/Java/jre7/bin;D:/Program Files/Java/jre7/lib/i386;D:\Program Files\NVIDIA Corporation\PhysX\Common;D:\WINDOWS.0\system32;D:\WINDOWS.0;D:\WINDOWS.0\System32\Wbem;D:\Program Files\ATI Technologies\ATI.ACE\Core-Static;D:\Program Files\Silk\SilkTest;D:\Program Files\Silk\SilkTest\ng\gui;D:\Program Files\Microsoft SQL Server\100\Tools\Binn\;D:\Program Files\Microsoft SQL Server\100\DTS\Binn\;D:\Program Files\Microsoft SQL Server\100\Tools\Binn\VSShell\Common7\IDE\;D:\Program Files\Microsoft Visual Studio 9.0\Common7\IDE\PrivateAssemblies\;D:\WINDOWS.0\system32\WindowsPowerShell\v1.0;D:\Program Files\Git\cmd;D:\Program Files\OpenVPN\bin;D:\Program Files\maven\\bin;JAVA_HOME\bin;E:\Soft\eclipse;
USERNAME=Admin
OS=Windows_NT
PROCESSOR_IDENTIFIER=x86 Family 6 Model 23 Stepping 10, GenuineIntel



---------------  S Y S T E M  ---------------

OS: Windows XP Build 2600 Service Pack 3

CPU:total 2 (2 cores per cpu, 1 threads per core) family 6 model 23 stepping 10, cmov, cx8, fxsr, mmx, sse, sse2, sse3, ssse3

Memory: 4k page, physical 3140456k(1663084k free), swap 5076188k(3545020k free)

vm_info: Java HotSpot(TM) Client VM (21.0-b17) for windows-x86 JRE (1.7.0-b147), built on Jun 27 2011 02:25:52 by "java_re" with unknown MS VC++:1600

time: Thu Feb 07 00:08:46 2013
elapsed time: 10 seconds

